fileName:1a.sql
fileName:1b.sql
    __canMerge__newCondition:['(movie_idOfmovie_companies == movie_idOfmovie_info_idx)'], orgCondition:['(movie_idOfmovie_companies == movie_idOfmovie_info_idx)', '(idOftitle == movie_idOfmovie_info_idx)']
fileName:1c.sql
fileName:1d.sql
fileName:2a.sql
fileName:2b.sql
fileName:2c.sql
fileName:2d.sql
    __canMerge__newCondition:['(idOftitle == movie_idOfmovie_keyword)'], orgCondition:['(movie_idOfmovie_companies == movie_idOfmovie_keyword)', '(idOftitle == movie_idOfmovie_keyword)']
    __canMerge__newCondition:['(movie_idOfmovie_companies == idOftitle)'], orgCondition:['(movie_idOfmovie_companies == idOftitle)', '(movie_idOfmovie_companies == movie_idOfmovie_keyword)']
fileName:3a.sql
fileName:3b.sql
fileName:3c.sql
fileName:4a.sql
fileName:4b.sql
    __canMerge__newCondition:['(idOftitle == movie_idOfmovie_keyword)'], orgCondition:['(movie_idOfmovie_keyword == movie_idOfmovie_info_idx)', '(idOftitle == movie_idOfmovie_keyword)']
    __canMerge__newCondition:['(movie_idOfmovie_info_idx == idOftitle)'], orgCondition:['(movie_idOfmovie_info_idx == idOftitle)', '(movie_idOfmovie_keyword == movie_idOfmovie_info_idx)']
fileName:4c.sql
fileName:5a.sql
fileName:5b.sql
fileName:5c.sql
fileName:6a.sql
fileName:6b.sql
fileName:6c.sql
fileName:6d.sql
fileName:6e.sql
fileName:6f.sql
fileName:7a.sql
fileName:7b.sql
fileName:7c.sql
fileName:8a.sql
fileName:8b.sql
    __canMerge__newCondition:['(idOfname == person_idOfaka_name)'], orgCondition:['(person_idOfaka_name == idOfname)', '(idOfname == person_idOfcast_info)']
    __canMerge__newCondition:['(idOfname == person_idOfaka_name)'], orgCondition:['(person_idOfaka_name == idOfname)', '(idOfname == person_idOfcast_info)']
fileName:8c.sql
fileName:8d.sql
fileName:9a.sql
fileName:9b.sql
fileName:9c.sql
fileName:9d.sql
fileName:10a.sql
fileName:10b.sql
    __canMerge__newCondition:['(idOftitle == movie_idOfmovie_companies)'], orgCondition:['(movie_idOfmovie_companies == idOftitle)', '(idOftitle == movie_idOfcast_info)']
    __canMerge__newCondition:['(idOftitle == movie_idOfmovie_companies)'], orgCondition:['(movie_idOfmovie_companies == idOftitle)', '(idOftitle == movie_idOfcast_info)']
fileName:10c.sql
fileName:11a.sql
fileName:11b.sql
fileName:11c.sql
fileName:11d.sql
fileName:12a.sql
fileName:12b.sql
fileName:12c.sql
fileName:13a.sql
fileName:13b.sql
    __canMerge__newCondition:['(movie_idOfmovie_companies == movie_idOfmovie_info_idx)'], orgCondition:['(movie_idOfmovie_info_idx == idOftitle)', '(movie_idOfmovie_companies == movie_idOfmovie_info_idx)']
    __canMerge__newCondition:['(movie_idOfmovie_companies == movie_idOfmovie_info_idx)'], orgCondition:['(movie_idOfmovie_info_idx == idOftitle)', '(movie_idOfmovie_companies == movie_idOfmovie_info_idx)']
fileName:13c.sql
fileName:14a.sql
fileName:14b.sql
fileName:15a.sql
fileName:15b.sql
fileName:15c.sql
fileName:15d.sql
fileName:16a.sql
fileName:16b.sql
fileName:16c.sql
fileName:16d.sql
fileName:17a.sql
fileName:17b.sql
fileName:17c.sql
fileName:17d.sql
fileName:17e.sql
fileName:17f.sql
fileName:18a.sql
fileName:18c.sql
fileName:19a.sql
fileName:19b.sql
fileName:19c.sql
fileName:19d.sql
fileName:21a.sql
fileName:21b.sql
fileName:21c.sql
fileName:22a.sql
fileName:23b.sql
fileName:24a.sql
fileName:24b.sql
fileName:25b.sql
fileName:26a.sql
fileName:26b.sql
fileName:26c.sql
fileName:27a.sql
fileName:27b.sql
fileName:27c.sql
fileName:28a.sql
fileName:28b.sql
fileName:28c.sql
    __canMerge__newCondition:['(movie_idOfcomplete_cast == movie_idOfmovie_keyword)', '(idOftitle == movie_idOfmovie_keyword)'], orgCondition:['(movie_idOfmovie_companies == movie_idOfmovie_keyword)', '(movie_idOfcomplete_cast == movie_idOfmovie_keyword)', '(idOftitle == movie_idOfmovie_keyword)']
    __canMerge__newCondition:['(movie_idOfmovie_info == idOftitle)'], orgCondition:['(movie_idOfmovie_info == idOftitle)', '(movie_idOfmovie_info == movie_idOfmovie_keyword)']
fileName:29a.sql
fileName:29b.sql
fileName:29c.sql
    __canMerge__newCondition:['(movie_idOfcast_info == movie_idOfmovie_info)'], orgCondition:['(movie_idOfcast_info == movie_idOfmovie_info)', '(movie_idOfcast_info == movie_idOfmovie_keyword)']
fileName:30a.sql
    __canMerge__newCondition:['(idOftitle == movie_idOfmovie_keyword)'], orgCondition:['(movie_idOfcomplete_cast == movie_idOfmovie_keyword)', '(idOftitle == movie_idOfmovie_keyword)']
    __canMerge__newCondition:['(idOftitle == movie_idOfmovie_keyword)'], orgCondition:['(movie_idOfcomplete_cast == movie_idOfmovie_keyword)', '(idOftitle == movie_idOfmovie_keyword)']
fileName:30b.sql
    __canMerge__newCondition:['(movie_idOfmovie_keyword == idOftitle)', '(movie_idOfmovie_info == idOftitle)', '(idOftitle == movie_idOfmovie_info_idx)'], orgCondition:['(idOftitle == movie_idOfmovie_info)', '(movie_idOfcast_info == idOftitle)', '(movie_idOfmovie_info_idx == idOftitle)', '(movie_idOfcomplete_cast == idOftitle)', '(idOftitle == movie_idOfmovie_keyword)']
fileName:30c.sql
fileName:31b.sql
fileName:32a.sql
    __canMerge__newCondition:['(idOftitle == movie_idOfmovie_keyword)'], orgCondition:['(movie_idOfmovie_link == idOftitle)', '(idOftitle == movie_idOfmovie_keyword)']
    __canMerge__newCondition:['(movie_idOfmovie_keyword == movie_idOfmovie_link)'], orgCondition:['(movie_idOfmovie_link == idOftitle)', '(movie_idOfmovie_keyword == movie_idOfmovie_link)']
fileName:32b.sql
fileName:33a.sql
fileName:33b.sql
fileName:33c.sql
    __canMerge__newCondition:['(movie_idOfmovie_info_idx == idOftitle)', '(movie_idOfmovie_info_idx == movie_idOfmovie_link)', '(idOftitle == movie_idOfmovie_info_idx)'], orgCondition:['(movie_idOfmovie_info_idx == movie_idOfmovie_link)', '(linked_movie_idOfmovie_link == movie_idOfmovie_info_idx)', '(idOftitle == movie_idOfmovie_info_idx)']
    __canMerge__newCondition:['(movie_idOfmovie_info_idx == idOftitle)', '(movie_idOfmovie_info_idx == movie_idOfmovie_link)', '(idOftitle == movie_idOfmovie_info_idx)'], orgCondition:['(movie_idOfmovie_info_idx == movie_idOfmovie_link)', '(linked_movie_idOfmovie_link == movie_idOfmovie_info_idx)', '(idOftitle == movie_idOfmovie_info_idx)']
defaultdict(<class 'list'>, {(15, 2, 12): [12], (11, 3, 16): [16], (7, 4, 17): [17], (7, 5, 15): [15], (6, 2, 126): [126], (6, 2, 87): [87], (6, 2, 18): [18], (6, 3, 88): [88], (6, 7, 231): [231], (5, 2, 180): [180], (5, 2, 151): [151], (5, 2, 128): [128], (4, 2, 234): [234], (4, 2, 175): [175], (4, 2, 170): [170], (4, 2, 125): [125], (4, 3, 19): [19], (4, 4, 225): [225], (4, 4, 101): [101], (4, 5, 226): [226], (4, 6, 227): [227], (4, 7, 228): [228], (4, 8, 229): [229], (3, 2, 408): [408], (3, 2, 77): [77], (3, 2, 47): [47], (3, 2, 43): [43], (3, 2, 6): [6], (3, 3, 374): [374], (3, 3, 48): [48], (3, 3, 44): [44], (3, 3, 13): [13], (3, 4, 171): [171], (3, 4, 127): [127], (3, 4, 49): [49], (3, 4, 45): [45], (3, 4, 14): [14], (3, 5, 232): [232], (3, 5, 102): [102], (3, 5, 50): [50], (3, 5, 46): [46], (3, 6, 233): [233], (3, 6, 230): [230], (3, 6, 129): [129], (3, 6, 103): [103], (3, 7, 130): [130], (3, 8, 176): [176], (2, 2, 499): [499], (2, 2, 451): [451], (2, 2, 274): [274], (2, 2, 244): [244], (2, 2, 201): [201], (2, 2, 185): [185], (2, 2, 161): [161], (2, 2, 138): [138], (2, 2, 109): [109], (2, 2, 94): [94], (2, 2, 66): [66], (2, 2, 52): [52], (2, 2, 51): [51], (2, 2, 5): [5], (2, 2, 2): [2], (2, 3, 500): [500], (2, 3, 452): [452], (2, 3, 409): [409], (2, 3, 355): [355], (2, 3, 181): [181], (2, 3, 95): [95], (2, 3, 53): [53], (2, 4, 501): [501], (2, 4, 410): [410], (2, 4, 182): [182], (2, 4, 96): [96], (2, 4, 89): [89], (2, 4, 54): [54], (2, 4, 7): [7], (2, 5, 411): [411], (2, 5, 177): [177], (2, 5, 90): [90], (2, 5, 8): [8], (2, 6, 178): [178], (2, 6, 91): [91], (2, 6, 55): [55], (2, 7, 253): [253], (2, 7, 179): [179], (2, 7, 92): [92], (2, 7, 56): [56], (2, 8, 105): [105], (2, 8, 57): [57], (1, 2, 513): [513], (1, 2, 490): [490], (1, 2, 473): [473], (1, 2, 463): [463], (1, 2, 462): [462], (1, 2, 344): [344], (1, 2, 323): [323], (1, 2, 312): [312], (1, 2, 305): [305], (1, 2, 294): [294], (1, 2, 283): [283], (1, 2, 277): [277], (1, 2, 269): [269], (1, 2, 267): [267], (1, 2, 247): [247], (1, 2, 239): [239], (1, 2, 217): [217], (1, 2, 209): [209], (1, 2, 203): [203], (1, 2, 193): [193], (1, 2, 189): [189], (1, 2, 187): [187], (1, 2, 183): [183], (1, 2, 165): [165], (1, 2, 164): [164], (1, 2, 158): [158], (1, 2, 152): [152], (1, 2, 133): [133], (1, 2, 132): [132], (1, 2, 120): [120], (1, 2, 115): [115], (1, 2, 110): [110], (1, 2, 82): [82], (1, 2, 76): [76], (1, 2, 74): [74], (1, 2, 65): [65], (1, 2, 61): [61], (1, 2, 58): [58], (1, 2, 39): [39], (1, 2, 35): [35], (1, 2, 31): [31], (1, 2, 28): [28], (1, 2, 26): [26], (1, 2, 23): [23], (1, 2, 1): [1], (1, 3, 514): [514], (1, 3, 495): [495], (1, 3, 491): [491], (1, 3, 474): [474], (1, 3, 464): [464], (1, 3, 436): [436], (1, 3, 345): [345], (1, 3, 334): [334], (1, 3, 324): [324], (1, 3, 313): [313], (1, 3, 306): [306], (1, 3, 295): [295], (1, 3, 284): [284], (1, 3, 275): [275], (1, 3, 262): [262], (1, 3, 248): [248], (1, 3, 240): [240], (1, 3, 235): [235], (1, 3, 218): [218], (1, 3, 210): [210], (1, 3, 204): [204], (1, 3, 202): [202], (1, 3, 194): [194], (1, 3, 188): [188], (1, 3, 145): [145], (1, 3, 139): [139], (1, 3, 122): [122], (1, 3, 121): [121], (1, 3, 111): [111], (1, 3, 71): [71], (1, 3, 67): [67], (1, 3, 59): [59], (1, 3, 40): [40], (1, 3, 36): [36], (1, 3, 32): [32], (1, 3, 9): [9], (1, 4, 515): [515], (1, 4, 502): [502], (1, 4, 496): [496], (1, 4, 492): [492], (1, 4, 475): [475], (1, 4, 465): [465], (1, 4, 453): [453], (1, 4, 437): [437], (1, 4, 397): [397], (1, 4, 386): [386], (1, 4, 375): [375], (1, 4, 365): [365], (1, 4, 356): [356], (1, 4, 346): [346], (1, 4, 335): [335], (1, 4, 325): [325], (1, 4, 314): [314], (1, 4, 296): [296], (1, 4, 285): [285], (1, 4, 249): [249], (1, 4, 241): [241], (1, 4, 236): [236], (1, 4, 219): [219], (1, 4, 211): [211], (1, 4, 205): [205], (1, 4, 195): [195], (1, 4, 166): [166], (1, 4, 159): [159], (1, 4, 153): [153], (1, 4, 146): [146], (1, 4, 140): [140], (1, 4, 134): [134], (1, 4, 116): [116], (1, 4, 112): [112], (1, 4, 83): [83], (1, 4, 78): [78], (1, 4, 72): [72], (1, 4, 68): [68], (1, 4, 60): [60], (1, 4, 41): [41], (1, 4, 37): [37], (1, 4, 33): [33], (1, 4, 29): [29], (1, 4, 24): [24], (1, 4, 22): [22], (1, 4, 21): [21], (1, 4, 20): [20], (1, 4, 10): [10], (1, 4, 3): [3], (1, 5, 516): [516], (1, 5, 509): [509], (1, 5, 508): [508], (1, 5, 503): [503], (1, 5, 498): [498], (1, 5, 497): [497], (1, 5, 494): [494], (1, 5, 493): [493], (1, 5, 483): [483], (1, 5, 476): [476], (1, 5, 466): [466], (1, 5, 455): [455], (1, 5, 454): [454], (1, 5, 438): [438], (1, 5, 398): [398], (1, 5, 387): [387], (1, 5, 376): [376], (1, 5, 366): [366], (1, 5, 357): [357], (1, 5, 347): [347], (1, 5, 336): [336], (1, 5, 326): [326], (1, 5, 315): [315], (1, 5, 307): [307], (1, 5, 297): [297], (1, 5, 286): [286], (1, 5, 276): [276], (1, 5, 263): [263], (1, 5, 250): [250], (1, 5, 242): [242], (1, 5, 237): [237], (1, 5, 220): [220], (1, 5, 212): [212], (1, 5, 206): [206], (1, 5, 196): [196], (1, 5, 190): [190], (1, 5, 172): [172], (1, 5, 167): [167], (1, 5, 160): [160], (1, 5, 154): [154], (1, 5, 147): [147], (1, 5, 141): [141], (1, 5, 117): [117], (1, 5, 106): [106], (1, 5, 97): [97], (1, 5, 84): [84], (1, 5, 79): [79], (1, 5, 73): [73], (1, 5, 69): [69], (1, 5, 42): [42], (1, 5, 38): [38], (1, 5, 34): [34], (1, 5, 30): [30], (1, 5, 27): [27], (1, 5, 25): [25], (1, 5, 11): [11], (1, 5, 4): [4], (1, 6, 518): [518], (1, 6, 517): [517], (1, 6, 510): [510], (1, 6, 504): [504], (1, 6, 484): [484], (1, 6, 477): [477], (1, 6, 467): [467], (1, 6, 456): [456], (1, 6, 439): [439], (1, 6, 424): [424], (1, 6, 412): [412], (1, 6, 399): [399], (1, 6, 389): [389], (1, 6, 388): [388], (1, 6, 377): [377], (1, 6, 367): [367], (1, 6, 358): [358], (1, 6, 348): [348], (1, 6, 337): [337], (1, 6, 327): [327], (1, 6, 316): [316], (1, 6, 308): [308], (1, 6, 298): [298], (1, 6, 287): [287], (1, 6, 268): [268], (1, 6, 264): [264], (1, 6, 243): [243], (1, 6, 238): [238], (1, 6, 221): [221], (1, 6, 213): [213], (1, 6, 207): [207], (1, 6, 197): [197], (1, 6, 191): [191], (1, 6, 184): [184], (1, 6, 173): [173], (1, 6, 168): [168], (1, 6, 162): [162], (1, 6, 155): [155], (1, 6, 148): [148], (1, 6, 142): [142], (1, 6, 135): [135], (1, 6, 123): [123], (1, 6, 118): [118], (1, 6, 113): [113], (1, 6, 107): [107], (1, 6, 98): [98], (1, 6, 85): [85], (1, 6, 80): [80], (1, 6, 62): [62], (1, 7, 519): [519], (1, 7, 511): [511], (1, 7, 505): [505], (1, 7, 485): [485], (1, 7, 478): [478], (1, 7, 469): [469], (1, 7, 468): [468], (1, 7, 457): [457], (1, 7, 440): [440], (1, 7, 425): [425], (1, 7, 413): [413], (1, 7, 400): [400], (1, 7, 390): [390], (1, 7, 378): [378], (1, 7, 368): [368], (1, 7, 360): [360], (1, 7, 359): [359], (1, 7, 349): [349], (1, 7, 338): [338], (1, 7, 328): [328], (1, 7, 317): [317], (1, 7, 310): [310], (1, 7, 309): [309], (1, 7, 299): [299], (1, 7, 288): [288], (1, 7, 278): [278], (1, 7, 270): [270], (1, 7, 222): [222], (1, 7, 214): [214], (1, 7, 198): [198], (1, 7, 192): [192], (1, 7, 186): [186], (1, 7, 174): [174], (1, 7, 169): [169], (1, 7, 163): [163], (1, 7, 157): [157], (1, 7, 156): [156], (1, 7, 149): [149], (1, 7, 143): [143], (1, 7, 136): [136], (1, 7, 124): [124], (1, 7, 119): [119], (1, 7, 114): [114], (1, 7, 108): [108], (1, 7, 104): [104], (1, 7, 99): [99], (1, 7, 86): [86], (1, 7, 81): [81], (1, 7, 75): [75], (1, 7, 70): [70], (1, 7, 63): [63], (1, 8, 520): [520], (1, 8, 512): [512], (1, 8, 507): [507], (1, 8, 506): [506], (1, 8, 486): [486], (1, 8, 480): [480], (1, 8, 479): [479], (1, 8, 470): [470], (1, 8, 458): [458], (1, 8, 441): [441], (1, 8, 426): [426], (1, 8, 414): [414], (1, 8, 402): [402], (1, 8, 401): [401], (1, 8, 391): [391], (1, 8, 379): [379], (1, 8, 369): [369], (1, 8, 361): [361], (1, 8, 350): [350], (1, 8, 339): [339], (1, 8, 330): [330], (1, 8, 329): [329], (1, 8, 319): [319], (1, 8, 318): [318], (1, 8, 311): [311], (1, 8, 300): [300], (1, 8, 289): [289], (1, 8, 279): [279], (1, 8, 271): [271], (1, 8, 265): [265], (1, 8, 260): [260], (1, 8, 258): [258], (1, 8, 254): [254], (1, 8, 223): [223], (1, 8, 215): [215], (1, 8, 199): [199], (1, 8, 150): [150], (1, 8, 144): [144], (1, 8, 137): [137], (1, 8, 131): [131], (1, 8, 100): [100], (1, 8, 93): [93], (1, 8, 64): [64], (1, 9, 488): [488], (1, 9, 487): [487], (1, 9, 481): [481], (1, 9, 471): [471], (1, 9, 459): [459], (1, 9, 442): [442], (1, 9, 427): [427], (1, 9, 415): [415], (1, 9, 403): [403], (1, 9, 392): [392], (1, 9, 382): [382], (1, 9, 381): [381], (1, 9, 380): [380], (1, 9, 370): [370], (1, 9, 362): [362], (1, 9, 351): [351], (1, 9, 340): [340], (1, 9, 331): [331], (1, 9, 320): [320], (1, 9, 301): [301], (1, 9, 290): [290], (1, 9, 280): [280], (1, 9, 272): [272], (1, 9, 266): [266], (1, 9, 261): [261], (1, 9, 259): [259], (1, 9, 256): [256], (1, 9, 251): [251], (1, 9, 245): [245], (1, 9, 224): [224], (1, 9, 216): [216], (1, 9, 208): [208], (1, 9, 200): [200], (1, 10, 489): [489], (1, 10, 482): [482], (1, 10, 472): [472], (1, 10, 461): [461], (1, 10, 460): [460], (1, 10, 444): [444], (1, 10, 443): [443], (1, 10, 428): [428], (1, 10, 416): [416], (1, 10, 404): [404], (1, 10, 393): [393], (1, 10, 383): [383], (1, 10, 371): [371], (1, 10, 363): [363], (1, 10, 352): [352], (1, 10, 341): [341], (1, 10, 332): [332], (1, 10, 321): [321], (1, 10, 302): [302], (1, 10, 291): [291], (1, 10, 281): [281], (1, 10, 273): [273], (1, 10, 257): [257], (1, 10, 255): [255], (1, 10, 252): [252], (1, 10, 246): [246], (1, 11, 445): [445], (1, 11, 429): [429], (1, 11, 417): [417], (1, 11, 405): [405], (1, 11, 395): [395], (1, 11, 394): [394], (1, 11, 384): [384], (1, 11, 373): [373], (1, 11, 372): [372], (1, 11, 364): [364], (1, 11, 354): [354], (1, 11, 353): [353], (1, 11, 343): [343], (1, 11, 342): [342], (1, 11, 333): [333], (1, 11, 322): [322], (1, 11, 303): [303], (1, 11, 292): [292], (1, 11, 282): [282], (1, 12, 446): [446], (1, 12, 431): [431], (1, 12, 430): [430], (1, 12, 419): [419], (1, 12, 418): [418], (1, 12, 407): [407], (1, 12, 406): [406], (1, 12, 396): [396], (1, 12, 385): [385], (1, 12, 304): [304], (1, 12, 293): [293], (1, 13, 448): [448], (1, 13, 447): [447], (1, 13, 432): [432], (1, 13, 420): [420], (1, 14, 449): [449], (1, 14, 434): [434], (1, 14, 433): [433], (1, 14, 422): [422], (1, 14, 421): [421], (1, 15, 450): [450], (1, 15, 435): [435], (1, 15, 423): [423]})
[12, 16, 17, 15, 87, 88, 151, 234, 175, 125, 101, 227, 374, 176, 274, 51, 210, 126, 18, 180, 128, 170, 408, 77, 47, 43, 6, 499, 451, 201]
1a
['4', '2', '1', '3']
1b
['7', '5', '8', '6']
1c
['10', '11', '2', '9']
1d
['7', '5', '8', '6']
2a
['15', '14', '13', '12']
2b
['15', '14', '13', '12']
2c
['15', '14', '13', '12']
2d
['15', '16', '12', '17']
3a
['19', '18', '20']
3b
['19', '21', '18']
3c
['19', '18', '22']
4a
['25', '18', '24', '23']
4b
['19', '27', '18', '26']
4c
['18', '28', '29', '30']
5a
['33', '34', '32', '31']
5b
['36', '37', '38', '35']
5c
['39', '42', '40', '41']
6a
['43', '44', '45', '46']
6b
['47', '49', '50', '48']
6c
['43', '44', '45', '46']
6d
['47', '49', '50', '48']
6e
['43', '44', '45', '46']
6f
['47', '49', '50', '48']
7a
['57', '56', '52', '51', '55', '53', '54']
7b
['57', '56', '52', '51', '55', '53', '54']
7c
['63', '64', '61', '60', '62', '58', '59']
8a
['69', '65', '70', '68', '67', '66']
8b
['75', '71', '74', '72', '66', '73']
8c
['80', '81', '77', '78', '76', '79']
8d
['77', '85', '86', '83', '82', '84']
9a
['90', '87', '89', '93', '92', '91', '88']
9b
['99', '100', '98', '94', '96', '95', '97']
9c
['101', '103', '87', '104', '105', '102', '88']
9d
['108', '106', '107', '101', '87', '105', '88']
10a
['110', '111', '109', '114', '113', '112']
10b
['116', '119', '115', '109', '118', '117']
10c
['120', '77', '124', '122', '121', '123']
11a
['128', '130', '125', '129', '126', '127', '131']
11b
['134', '136', '133', '128', '132', '135', '137']
11c
['141', '143', '142', '138', '144', '140', '139']
11d
['138', '147', '150', '146', '149', '148', '145']
12a
['151', '153', '155', '154', '157', '156', '152']
12b
['6', '163', '161', '162', '160', '158', '159']
12c
['164', '151', '169', '167', '166', '165', '168']
13a
['176', '170', '151', '171', '172', '174', '173', '175']
13b
['176', '170', '151', '178', '171', '177', '179', '175']
13c
['176', '170', '151', '178', '171', '177', '179', '175']
14a
['180', '184', '182', '185', '183', '181', '186']
14b
['192', '191', '188', '185', '189', '190', '187']
15a
['196', '195', '199', '197', '198', '200', '194', '193']
15b
['206', '203', '208', '201', '207', '202', '204', '205']
15c
['215', '211', '213', '209', '216', '214', '212', '210']
15d
['218', '223', '217', '221', '222', '219', '220', '224']
16a
['229', '226', '227', '16', '228', '225', '12']
16b
['229', '226', '227', '16', '228', '225', '12']
16c
['229', '226', '227', '16', '228', '225', '12']
16d
['229', '226', '227', '16', '228', '225', '12']
17a
['15', '230', '16', '17', '12', '231']
17b
['16', '17', '232', '233', '12', '231']
17c
['16', '17', '232', '233', '12', '231']
17d
['16', '17', '232', '233', '12', '231']
17e
['15', '230', '16', '17', '12', '231']
17f
['15', '230', '16', '17', '12', '231']
18a
['161', '236', '235', '237', '238', '234']
18c
['239', '242', '243', '241', '240', '234']
19a
['244', '90', '87', '89', '245', '246', '92', '91', '88']
19b
['252', '248', '96', '94', '250', '247', '251', '95', '249']
19c
['244', '102', '253', '101', '103', '87', '254', '255', '88']
19d
['253', '88', '175', '257', '101', '103', '87', '102', '256']
21a
['128', '130', '125', '129', '259', '126', '127', '258']
21b
['128', '130', '125', '260', '129', '126', '127', '261']
21c
['262', '265', '128', '263', '266', '125', '126', '264']
22a
['180', '269', '182', '273', '268', '267', '181', '270', '272', '271']
23b
['279', '201', '282', '280', '278', '276', '281', '275', '277', '274']
24a
['287', '284', '291', '289', '283', '286', '290', '292', '288', '285', '293']
24b
['304', '302', '300', '303', '294', '298', '297', '301', '295', '299', '296']
25b
['306', '310', '311', '307', '309', '305', '308', '234']
26a
['321', '316', '313', '318', '319', '322', '320', '312', '317', '314', '315']
26b
['323', '325', '328', '329', '324', '330', '327', '332', '326', '333', '331']
26c
['339', '341', '170', '342', '336', '343', '337', '340', '338', '334', '335']
27a
['352', '351', '348', '344', '346', '345', '353', '349', '350', '347', '354']
27b
['356', '361', '359', '364', '355', '363', '362', '126', '357', '360', '358']
27c
['366', '371', '368', '355', '370', '367', '126', '373', '372', '365', '369']
28a
['180', '379', '376', '384', '378', '381', '374', '377', '380', '385', '375', '383', '382']
28b
['180', '395', '388', '386', '391', '392', '390', '387', '394', '374', '393', '389', '396']
28c
['180', '400', '404', '399', '402', '405', '398', '407', '403', '374', '406', '397', '401']
29a
['413', '414', '423', '416', '410', '420', '422', '412', '415', '418', '411', '421', '419', '417', '408', '409']
29b
['410', '432', '426', '429', '425', '411', '428', '431', '433', '435', '430', '424', '427', '408', '409', '434']
29c
['436', '450', '437', '443', '442', '448', '439', '441', '444', '445', '446', '440', '449', '438', '408', '447']
30a
['458', '460', '452', '451', '457', '459', '453', '455', '456', '461', '454']
30b
['464', '466', '469', '471', '463', '470', '472', '462', '468', '465', '467']
30c
['474', '473', '482', '480', '475', '478', '479', '481', '477', '476', '274']
31b
['483', '452', '487', '485', '484', '451', '488', '486', '234', '489']
32a
['492', '493', '494', '491', '490']
32b
['495', '497', '498', '12', '496']
33a
['504', '502', '501', '503', '506', '500', '505', '507', '499']
33b
['501', '510', '509', '512', '508', '511', '500', '499']
33c
['518', '513', '517', '519', '516', '515', '514', '520']
17.076181173324585
run success!
