finally, all loss:101037.3359375
key:('11a', 'mv18'), q:133117.6, q-mv:278326.1
key:('11a', 'mv19'), q:133117.6, q-mv:231529.5
key:('11a', 'mv21'), q:133117.6, q-mv:234001.38
key:('11b', 'mv21'), q:126914.16, q-mv:52092.5
key:('12a', 'mv44'), q:429639.29, q-mv:318289.84
key:('12c', 'mv44'), q:468431.11, q-mv:294777.8
key:('13b', 'mv44'), q:431550.72, q-mv:269799.97
key:('13b', 'mv69'), q:431550.72, q-mv:252011.9
key:('13c', 'mv44'), q:431550.72, q-mv:204322.44
key:('13c', 'mv69'), q:431550.72, q-mv:187295.8
key:('14a', 'mv74'), q:614064.86, q-mv:192174.19
key:('16a', 'mv119'), q:913674.06, q-mv:473973.28
key:('16a', 'mv120'), q:913674.06, q-mv:592870.8
key:('16a', 'mv125'), q:913674.06, q-mv:198097.28
key:('16b', 'mv119'), q:918023.83, q-mv:565420.75
key:('16b', 'mv120'), q:918023.83, q-mv:679685.0
key:('16b', 'mv125'), q:918023.83, q-mv:290019.56
key:('16c', 'mv119'), q:915238.23, q-mv:538199.9
key:('16c', 'mv120'), q:915238.23, q-mv:654700.3
key:('16c', 'mv125'), q:915238.23, q-mv:262482.5
key:('16d', 'mv119'), q:914772.04, q-mv:536475.75
key:('16d', 'mv120'), q:914772.04, q-mv:653099.7
key:('16d', 'mv125'), q:914772.04, q-mv:260751.52
key:('17a', 'mv119'), q:890409.89, q-mv:568776.75
key:('17a', 'mv120'), q:890409.89, q-mv:682795.5
key:('17a', 'mv127'), q:890409.89, q-mv:460845.38
key:('17a', 'mv129'), q:890409.89, q-mv:314122.16
key:('17b', 'mv119'), q:891339.32, q-mv:534507.25
key:('17b', 'mv120'), q:891339.32, q-mv:651986.3
key:('17b', 'mv129'), q:891339.32, q-mv:279372.38
key:('17c', 'mv120'), q:891339.32, q-mv:651505.6
key:('17c', 'mv129'), q:891339.32, q-mv:278833.16
key:('17d', 'mv119'), q:891339.31, q-mv:534053.75
key:('17d', 'mv120'), q:891339.31, q-mv:651578.6
key:('17d', 'mv129'), q:891339.31, q-mv:278915.84
key:('17e', 'mv119'), q:890409.39, q-mv:546303.7
key:('17e', 'mv120'), q:890409.39, q-mv:662111.75
key:('17e', 'mv127'), q:890409.39, q-mv:439195.47
key:('17e', 'mv129'), q:890409.39, q-mv:291260.75
key:('17f', 'mv119'), q:891416.62, q-mv:604446.0
key:('17f', 'mv120'), q:891416.62, q-mv:717421.2
key:('17f', 'mv127'), q:891416.62, q-mv:495701.06
key:('17f', 'mv129'), q:891416.62, q-mv:351045.22
key:('19d', 'mv69'), q:1240307.98, q-mv:467238.12
key:('21a', 'mv18'), q:595967.07, q-mv:330950.25
key:('21a', 'mv19'), q:595967.07, q-mv:284153.66
key:('21a', 'mv21'), q:595967.07, q-mv:286625.53
key:('21b', 'mv18'), q:483490.43, q-mv:314324.84
key:('21b', 'mv19'), q:483490.43, q-mv:267528.22
key:('21b', 'mv21'), q:483490.43, q-mv:270000.1
key:('21c', 'mv18'), q:621210.81, q-mv:331715.53
key:('21c', 'mv19'), q:621210.81, q-mv:284918.9
key:('21c', 'mv21'), q:621210.81, q-mv:287390.8
key:('22a', 'mv74'), q:561008.87, q-mv:361977.94
key:('27b', 'mv19'), q:524024.85, q-mv:328681.38
key:('27c', 'mv19'), q:379469.88, q-mv:315863.5
key:('28a', 'mv74'), q:677952.61, q-mv:317070.84
key:('28b', 'mv74'), q:560857.13, q-mv:308995.22
key:('28c', 'mv74'), q:678137.14, q-mv:364032.47
key:('2a', 'mv119'), q:138943.48, q-mv:102197.29
key:('2a', 'mv127'), q:138943.48, q-mv:12018.765
key:('2b', 'mv119'), q:138940.96, q-mv:102044.73
key:('2b', 'mv127'), q:138940.96, q-mv:11907.448
key:('2c', 'mv119'), q:138940.46, q-mv:62058.03
key:('2c', 'mv127'), q:138940.46, q-mv:1.1051612
key:('2d', 'mv119'), q:138955.3, q-mv:104440.97
key:('2d', 'mv120'), q:138955.3, q-mv:219899.4
key:('2d', 'mv127'), q:138955.3, q-mv:13656.995
key:('32b', 'mv119'), q:85108.78, q-mv:125599.25
key:('3a', 'mv443'), q:545966.19, q-mv:162826.97
key:('3b', 'mv443'), q:433676.29, q-mv:87617.89
key:('3c', 'mv443'), q:585552.22, q-mv:194531.69
key:('4a', 'mv443'), q:110866.38, q-mv:29202.207
key:('4b', 'mv443'), q:109733.59, q-mv:80084.664
key:('4c', 'mv443'), q:111828.6, q-mv:51041.77
key:('6a', 'mv471'), q:835184.25, q-mv:1.2770147
key:('6b', 'mv475'), q:836216.75, q-mv:1.3085203
key:('6c', 'mv471'), q:835094.8, q-mv:1.2759084
key:('6d', 'mv475'), q:838751.05, q-mv:1.2563686
key:('6e', 'mv471'), q:835411.21, q-mv:1.2770296
key:('6f', 'mv475'), q:838778.48, q-mv:13774.42
('2023-12-26 10:46', time.struct_time(tm_year=2023, tm_mon=12, tm_mday=26, tm_hour=10, tm_min=46, tm_sec=27, tm_wday=1, tm_yday=360, tm_isdst=0)):[iterOpt] cur_range: 0
overhead:5032327.1318,benefit:15677701.7409972
('2023-12-26 10:46', time.struct_time(tm_year=2023, tm_mon=12, tm_mday=26, tm_hour=10, tm_min=46, tm_sec=28, tm_wday=1, tm_yday=360, tm_isdst=0)):[iterOpt] cur_range: 1
overhead:5032327.1318,benefit:15677701.7409972
('2023-12-26 10:46', time.struct_time(tm_year=2023, tm_mon=12, tm_mday=26, tm_hour=10, tm_min=46, tm_sec=29, tm_wday=1, tm_yday=360, tm_isdst=0)):[iterOpt] cur_range: 2
overhead:181447.83179999999,benefit:6549912.066838799
('2023-12-26 10:46', time.struct_time(tm_year=2023, tm_mon=12, tm_mday=26, tm_hour=10, tm_min=46, tm_sec=30, tm_wday=1, tm_yday=360, tm_isdst=0)):[iterOpt] cur_range: 3
overhead:4951941.3118,benefit:15677701.7409972
('2023-12-26 10:46', time.struct_time(tm_year=2023, tm_mon=12, tm_mday=26, tm_hour=10, tm_min=46, tm_sec=30, tm_wday=1, tm_yday=360, tm_isdst=0)):[iterOpt] cur_range: 4
overhead:5032327.1318,benefit:15677701.7409972
('2023-12-26 10:46', time.struct_time(tm_year=2023, tm_mon=12, tm_mday=26, tm_hour=10, tm_min=46, tm_sec=31, tm_wday=1, tm_yday=360, tm_isdst=0)):[iterOpt] cur_range: 5
overhead:5032327.1318,benefit:15677701.7409972
('2023-12-26 10:46', time.struct_time(tm_year=2023, tm_mon=12, tm_mday=26, tm_hour=10, tm_min=46, tm_sec=32, tm_wday=1, tm_yday=360, tm_isdst=0)):[iterOpt] cur_range: 6
overhead:5032327.1318,benefit:15677701.7409972
('2023-12-26 10:46', time.struct_time(tm_year=2023, tm_mon=12, tm_mday=26, tm_hour=10, tm_min=46, tm_sec=33, tm_wday=1, tm_yday=360, tm_isdst=0)):[iterOpt] cur_range: 7
overhead:5032327.1318,benefit:15677701.7409972
('2023-12-26 10:46', time.struct_time(tm_year=2023, tm_mon=12, tm_mday=26, tm_hour=10, tm_min=46, tm_sec=34, tm_wday=1, tm_yday=360, tm_isdst=0)):[iterOpt] cur_range: 8
overhead:5032327.1318,benefit:15677701.7409972
('2023-12-26 10:46', time.struct_time(tm_year=2023, tm_mon=12, tm_mday=26, tm_hour=10, tm_min=46, tm_sec=34, tm_wday=1, tm_yday=360, tm_isdst=0)):[iterOpt] cur_range: 9
overhead:5032327.1318,benefit:15677701.7409972
('2023-12-26 10:46', time.struct_time(tm_year=2023, tm_mon=12, tm_mday=26, tm_hour=10, tm_min=46, tm_sec=35, tm_wday=1, tm_yday=360, tm_isdst=0)): max_all_flip = 33
overhead:4951941.3118,benefit:15677701.7409972

Collecting experience...
('2023-12-26 10:46', time.struct_time(tm_year=2023, tm_mon=12, tm_mday=26, tm_hour=10, tm_min=46, tm_sec=36, tm_wday=1, tm_yday=360, tm_isdst=0)):[recommend_dqn] currrent step is 0
overhead:4951941.3118,benefit:15677701.7409972
overhead:5573051.711800001,benefit:15677701.7409972
overhead:5573051.711800001,benefit:15677701.7409972
overhead:5346912.9318,benefit:15677701.7409972
overhead:5119408.9818,benefit:15677701.7409972
overhead:5523969.4118,benefit:15677701.7409972
overhead:5380293.251800001,benefit:15677701.7409972
overhead:5523969.4118,benefit:15677701.7409972
overhead:5346912.9318,benefit:15677701.7409972
overhead:4969852.1418,benefit:15677701.7409972
overhead:5491122.3118,benefit:15677701.7409972
overhead:4953986.5241,benefit:15677701.7409972
overhead:4969852.1418,benefit:15677701.7409972
overhead:5706514.8118,benefit:15677701.7409972
overhead:5105947.671800001,benefit:15677701.7409972
overhead:5694800.8118,benefit:15677701.7409972
overhead:5706514.8118,benefit:15677701.7409972
overhead:4953986.5241,benefit:15677701.7409972
overhead:4953986.5241,benefit:15677701.7409972
overhead:5523969.4118,benefit:15677701.7409972
overhead:4953986.5241,benefit:15677701.7409972
overhead:5706514.8118,benefit:15677701.7409972
overhead:5706514.8118,benefit:15677701.7409972
overhead:4953986.5241,benefit:15677701.7409972
overhead:4953986.5241,benefit:15677701.7409972
overhead:4953986.5241,benefit:15677701.7409972
overhead:4953986.5241,benefit:15677701.7409972
overhead:4977060.870800001,benefit:15677701.7409972
overhead:4953986.5241,benefit:15677701.7409972
overhead:5141869.581800001,benefit:15677701.7409972
overhead:4969852.1418,benefit:15677701.7409972
overhead:4969852.1418,benefit:15677701.7409972
overhead:4969852.1418,benefit:15677701.7409972
overhead:4977060.870800001,benefit:15677701.7409972
overhead:4977060.870800001,benefit:15677701.7409972
overhead:4977060.870800001,benefit:15677701.7409972
overhead:4977060.870800001,benefit:15677701.7409972
overhead:4952917.7415000005,benefit:15677701.7409972
overhead:4977060.870800001,benefit:15677701.7409972
overhead:4977060.870800001,benefit:15677701.7409972
overhead:4977060.870800001,benefit:15677701.7409972
overhead:4977060.870800001,benefit:15677701.7409972
overhead:4977060.870800001,benefit:15677701.7409972
overhead:4977060.870800001,benefit:15677701.7409972
overhead:5339273.4318,benefit:15677701.7409972
overhead:5038558.4318,benefit:15677701.7409972
overhead:5523969.4118,benefit:15677701.7409972
overhead:4977060.870800001,benefit:15677701.7409972
overhead:5038558.4318,benefit:15677701.7409972
overhead:4952917.7415000005,benefit:15677701.7409972
overhead:4952917.7415000005,benefit:15677701.7409972
overhead:4952917.7415000005,benefit:15677701.7409972
overhead:5038558.4318,benefit:15677701.7409972
overhead:5038558.4318,benefit:15677701.7409972
overhead:5038558.4318,benefit:15677701.7409972
overhead:4952917.7415000005,benefit:15677701.7409972
overhead:5339273.4318,benefit:15677701.7409972
overhead:5339273.4318,benefit:15677701.7409972
overhead:5339273.4318,benefit:15677701.7409972
overhead:5523969.4118,benefit:15677701.7409972
overhead:5339273.4318,benefit:15677701.7409972
overhead:5447837.9318,benefit:15677701.7409972
overhead:5523969.4118,benefit:15677701.7409972
overhead:5526745.911800001,benefit:15677701.7409972
overhead:5339273.4318,benefit:15677701.7409972
overhead:5523969.4118,benefit:15677701.7409972
overhead:5038558.4318,benefit:15677701.7409972
overhead:5341290.1918,benefit:15677701.7409972
overhead:4972360.4248,benefit:15677701.7409972
overhead:5038558.4318,benefit:15677701.7409972
overhead:5526745.911800001,benefit:15677701.7409972
overhead:5038558.4318,benefit:15677701.7409972
overhead:5038558.4318,benefit:15677701.7409972
overhead:5038558.4318,benefit:15677701.7409972
overhead:5038558.4318,benefit:15677701.7409972
overhead:5618467.2118,benefit:15677701.7409972
overhead:5341290.1918,benefit:15677701.7409972
overhead:5065940.1018,benefit:15677701.7409972
overhead:5131052.1918,benefit:15677701.7409972
overhead:5341290.1918,benefit:15677701.7409972
overhead:5341290.1918,benefit:15677701.7409972
overhead:5341290.1918,benefit:15677701.7409972
overhead:5341290.1918,benefit:15677701.7409972
overhead:5341290.1918,benefit:15677701.7409972
overhead:5341290.1918,benefit:15677701.7409972
overhead:5618467.2118,benefit:15677701.7409972
overhead:5341290.1918,benefit:15677701.7409972
overhead:4972360.4248,benefit:15677701.7409972
overhead:4972360.4248,benefit:15677701.7409972
overhead:5038558.4318,benefit:15677701.7409972
overhead:4972360.4248,benefit:15677701.7409972
overhead:5038558.4318,benefit:15677701.7409972
overhead:5038558.4318,benefit:15677701.7409972
overhead:4972360.4248,benefit:15677701.7409972
overhead:5038558.4318,benefit:15677701.7409972
overhead:4972360.4248,benefit:15677701.7409972
overhead:4972360.4248,benefit:15677701.7409972
overhead:5038558.4318,benefit:15677701.7409972
overhead:5038558.4318,benefit:15677701.7409972
overhead:5447837.9318,benefit:15677701.7409972
overhead:5131052.1918,benefit:15677701.7409972
overhead:4972360.4248,benefit:15677701.7409972
overhead:5131052.1918,benefit:15677701.7409972
overhead:5131052.1918,benefit:15677701.7409972
overhead:5447837.9318,benefit:15677701.7409972
overhead:5131052.1918,benefit:15677701.7409972
overhead:5131052.1918,benefit:15677701.7409972
overhead:5412997.2118,benefit:15677701.7409972
overhead:5447837.9318,benefit:15677701.7409972
overhead:5447265.8118,benefit:15677701.7409972
overhead:4855090.1618,benefit:15392698.9809972
overhead:5447837.9318,benefit:15677701.7409972
overhead:5346912.9318,benefit:15677701.7409972
overhead:4972360.4248,benefit:15677701.7409972
overhead:5339273.4318,benefit:15677701.7409972
overhead:4972360.4248,benefit:15677701.7409972
overhead:4972360.4248,benefit:15677701.7409972
overhead:4972360.4248,benefit:15677701.7409972
overhead:4972360.4248,benefit:15677701.7409972
overhead:5447265.8118,benefit:15677701.7409972
overhead:5447265.8118,benefit:15677701.7409972
overhead:5412997.2118,benefit:15677701.7409972
overhead:4972360.4248,benefit:15677701.7409972
overhead:5412997.2118,benefit:15677701.7409972
overhead:5412997.2118,benefit:15677701.7409972
overhead:5412997.2118,benefit:15677701.7409972
overhead:4855090.1618,benefit:15392698.9809972
overhead:4855090.1618,benefit:15392698.9809972
overhead:4855090.1618,benefit:15392698.9809972
overhead:5447837.9318,benefit:15677701.7409972
overhead:5447837.9318,benefit:15677701.7409972
overhead:4855090.1618,benefit:15392698.9809972
overhead:4855090.1618,benefit:15392698.9809972
overhead:4855090.1618,benefit:15392698.9809972
overhead:5447837.9318,benefit:15677701.7409972
overhead:4855090.1618,benefit:15392698.9809972
overhead:4855090.1618,benefit:15392698.9809972
overhead:4855090.1618,benefit:15392698.9809972
overhead:5447837.9318,benefit:15677701.7409972
overhead:5447837.9318,benefit:15677701.7409972
overhead:5447837.9318,benefit:15677701.7409972
overhead:5447837.9318,benefit:15677701.7409972
overhead:5346912.9318,benefit:15677701.7409972
overhead:5346912.9318,benefit:15677701.7409972
overhead:5346912.9318,benefit:15677701.7409972
overhead:5447265.8118,benefit:15677701.7409972
overhead:5346912.9318,benefit:15677701.7409972
overhead:5346912.9318,benefit:15677701.7409972
overhead:5447265.8118,benefit:15677701.7409972
overhead:5447265.8118,benefit:15677701.7409972
overhead:5346912.9318,benefit:15677701.7409972
overhead:5447837.9318,benefit:15677701.7409972
overhead:5447265.8118,benefit:15677701.7409972
overhead:5131052.1918,benefit:15677701.7409972
overhead:5346912.9318,benefit:15677701.7409972
overhead:5131052.1918,benefit:15677701.7409972
overhead:5447837.9318,benefit:15677701.7409972
overhead:5131052.1918,benefit:15677701.7409972
overhead:5412997.2118,benefit:15677701.7409972
overhead:5562008.5118,benefit:15677701.7409972
overhead:5131052.1918,benefit:15677701.7409972
overhead:5131052.1918,benefit:15677701.7409972
overhead:5412997.2118,benefit:15677701.7409972
overhead:5447837.9318,benefit:15677701.7409972
overhead:5131052.1918,benefit:15677701.7409972
overhead:5447837.9318,benefit:15677701.7409972
overhead:5131052.1918,benefit:15677701.7409972
overhead:5447837.9318,benefit:15677701.7409972
overhead:5447837.9318,benefit:15677701.7409972
overhead:5447837.9318,benefit:15677701.7409972
overhead:5447837.9318,benefit:15677701.7409972
overhead:5447837.9318,benefit:15677701.7409972
overhead:5447837.9318,benefit:15677701.7409972
overhead:5346912.9318,benefit:15677701.7409972
overhead:5346912.9318,benefit:15677701.7409972
overhead:5346912.9318,benefit:15677701.7409972
overhead:5346912.9318,benefit:15677701.7409972
overhead:5346912.9318,benefit:15677701.7409972
overhead:4855090.1618,benefit:15392698.9809972
overhead:5346912.9318,benefit:15677701.7409972
overhead:5115081.331800001,benefit:15677701.7409972
overhead:4855090.1618,benefit:15392698.9809972
overhead:5562008.5118,benefit:15677701.7409972
overhead:5562008.5118,benefit:15677701.7409972
overhead:5339273.4318,benefit:15677701.7409972
overhead:5346389.6118,benefit:15677701.7409972
overhead:5346389.6118,benefit:15677701.7409972
overhead:5355499.8118,benefit:15677701.7409972
overhead:5380293.251800001,benefit:15677701.7409972
overhead:5412997.2118,benefit:15677701.7409972
overhead:5412997.2118,benefit:15677701.7409972
overhead:5346912.9318,benefit:15677701.7409972
overhead:5499184.9118,benefit:15677701.7409972
overhead:4972360.4248,benefit:15677701.7409972
overhead:5412997.2118,benefit:15677701.7409972
overhead:5115081.331800001,benefit:15677701.7409972
overhead:5499184.9118,benefit:15677701.7409972
overhead:5115081.331800001,benefit:15677701.7409972
overhead:5115081.331800001,benefit:15677701.7409972
overhead:5562008.5118,benefit:15677701.7409972
overhead:5346389.6118,benefit:15677701.7409972
overhead:5346912.9318,benefit:15677701.7409972
overhead:5346389.6118,benefit:15677701.7409972
overhead:5380293.251800001,benefit:15677701.7409972
overhead:5380293.251800001,benefit:15677701.7409972
overhead:5499184.9118,benefit:15677701.7409972
overhead:5380293.251800001,benefit:15677701.7409972
overhead:5499184.9118,benefit:15677701.7409972
overhead:5499184.9118,benefit:15677701.7409972
overhead:5499184.9118,benefit:15677701.7409972
overhead:5499184.9118,benefit:15677701.7409972
overhead:5115081.331800001,benefit:15677701.7409972
overhead:5115081.331800001,benefit:15677701.7409972
overhead:5115081.331800001,benefit:15677701.7409972
overhead:5115081.331800001,benefit:15677701.7409972
overhead:5346912.9318,benefit:15677701.7409972
overhead:5346912.9318,benefit:15677701.7409972
overhead:5346912.9318,benefit:15677701.7409972
overhead:5346912.9318,benefit:15677701.7409972
overhead:5346912.9318,benefit:15677701.7409972
overhead:5346912.9318,benefit:15677701.7409972
overhead:5346912.9318,benefit:15677701.7409972
overhead:5346912.9318,benefit:15677701.7409972
overhead:5346912.9318,benefit:15677701.7409972
overhead:5115081.331800001,benefit:15677701.7409972
overhead:5115081.331800001,benefit:15677701.7409972
overhead:5115081.331800001,benefit:15677701.7409972
overhead:5115081.331800001,benefit:15677701.7409972
overhead:5115081.331800001,benefit:15677701.7409972
overhead:5115081.331800001,benefit:15677701.7409972
overhead:5115081.331800001,benefit:15677701.7409972
overhead:5115081.331800001,benefit:15677701.7409972
overhead:5346389.6118,benefit:15677701.7409972
overhead:5346912.9318,benefit:15677701.7409972
overhead:5346912.9318,benefit:15677701.7409972
overhead:5346389.6118,benefit:15677701.7409972
overhead:5346389.6118,benefit:15677701.7409972
overhead:5346389.6118,benefit:15677701.7409972
overhead:5346389.6118,benefit:15677701.7409972
overhead:5346912.9318,benefit:15677701.7409972
overhead:5346912.9318,benefit:15677701.7409972
overhead:5346912.9318,benefit:15677701.7409972
overhead:5346912.9318,benefit:15677701.7409972
overhead:5346912.9318,benefit:15677701.7409972
overhead:5346912.9318,benefit:15677701.7409972
overhead:5499184.9118,benefit:15677701.7409972
overhead:5115081.331800001,benefit:15677701.7409972
overhead:5499184.9118,benefit:15677701.7409972
overhead:5115081.331800001,benefit:15677701.7409972
overhead:5346389.6118,benefit:15677701.7409972
overhead:5115081.331800001,benefit:15677701.7409972
overhead:5115081.331800001,benefit:15677701.7409972
overhead:5115081.331800001,benefit:15677701.7409972
overhead:5115081.331800001,benefit:15677701.7409972
overhead:5115081.331800001,benefit:15677701.7409972
overhead:5115081.331800001,benefit:15677701.7409972
overhead:5562008.5118,benefit:15677701.7409972
overhead:5038558.4318,benefit:15677701.7409972
overhead:5038558.4318,benefit:15677701.7409972
overhead:5562008.5118,benefit:15677701.7409972
overhead:5038558.4318,benefit:15677701.7409972
overhead:5499184.9118,benefit:15677701.7409972
overhead:5499184.9118,benefit:15677701.7409972
overhead:5499184.9118,benefit:15677701.7409972
overhead:5346912.9318,benefit:15677701.7409972
overhead:5499184.9118,benefit:15677701.7409972
overhead:5499184.9118,benefit:15677701.7409972
overhead:5038558.4318,benefit:15677701.7409972
overhead:5346912.9318,benefit:15677701.7409972
overhead:5038558.4318,benefit:15677701.7409972
overhead:5038558.4318,benefit:15677701.7409972
overhead:5038558.4318,benefit:15677701.7409972
overhead:5346912.9318,benefit:15677701.7409972
overhead:5038558.4318,benefit:15677701.7409972
overhead:4972360.4248,benefit:15677701.7409972
overhead:5339273.4318,benefit:15677701.7409972
overhead:5346912.9318,benefit:15677701.7409972
overhead:4972360.4248,benefit:15677701.7409972
overhead:4972360.4248,benefit:15677701.7409972
overhead:5706514.8118,benefit:15677701.7409972
overhead:5383516.9318,benefit:15677701.7409972
overhead:4972360.4248,benefit:15677701.7409972
overhead:4969784.9518,benefit:15677701.7409972
overhead:5346912.9318,benefit:15677701.7409972
overhead:5383516.9318,benefit:15677701.7409972
overhead:5499184.9118,benefit:15677701.7409972
overhead:5706514.8118,benefit:15677701.7409972
overhead:5339273.4318,benefit:15677701.7409972
overhead:5339273.4318,benefit:15677701.7409972
overhead:5216453.5918000005,benefit:15677701.7409972
overhead:5339273.4318,benefit:15677701.7409972
overhead:5383516.9318,benefit:15677701.7409972
overhead:5383516.9318,benefit:15677701.7409972
overhead:5383516.9318,benefit:15677701.7409972
overhead:5383516.9318,benefit:15677701.7409972
overhead:5383516.9318,benefit:15677701.7409972
overhead:5383516.9318,benefit:15677701.7409972
overhead:5383516.9318,benefit:15677701.7409972
overhead:5383516.9318,benefit:15677701.7409972
overhead:5383516.9318,benefit:15677701.7409972
overhead:5339273.4318,benefit:15677701.7409972
overhead:5339273.4318,benefit:15677701.7409972
overhead:5499184.9118,benefit:15677701.7409972
overhead:5339273.4318,benefit:15677701.7409972
overhead:5339273.4318,benefit:15677701.7409972
overhead:5339273.4318,benefit:15677701.7409972
overhead:5339273.4318,benefit:15677701.7409972
overhead:5383516.9318,benefit:15677701.7409972
overhead:5339273.4318,benefit:15677701.7409972
overhead:5339273.4318,benefit:15677701.7409972
overhead:5339273.4318,benefit:15677701.7409972
overhead:5339273.4318,benefit:15677701.7409972
overhead:5339273.4318,benefit:15677701.7409972
overhead:5339273.4318,benefit:15677701.7409972
overhead:4969784.9518,benefit:15677701.7409972
overhead:5216453.5918000005,benefit:15677701.7409972
overhead:5032327.1318,benefit:15677701.7409972
overhead:5523969.4118,benefit:15677701.7409972
overhead:5032327.1318,benefit:15677701.7409972
overhead:5290219.5618,benefit:15677701.7409972
overhead:5523969.4118,benefit:15677701.7409972
overhead:5523969.4118,benefit:15677701.7409972
overhead:5523969.4118,benefit:15677701.7409972
overhead:5499184.9118,benefit:15677701.7409972
overhead:5216453.5918000005,benefit:15677701.7409972
overhead:5216453.5918000005,benefit:15677701.7409972
overhead:5216453.5918000005,benefit:15677701.7409972
overhead:5216453.5918000005,benefit:15677701.7409972
overhead:5216453.5918000005,benefit:15677701.7409972
overhead:5216453.5918000005,benefit:15677701.7409972
overhead:5216453.5918000005,benefit:15677701.7409972
overhead:5032327.1318,benefit:15677701.7409972
overhead:5523969.4118,benefit:15677701.7409972
overhead:5032327.1318,benefit:15677701.7409972
overhead:5523969.4118,benefit:15677701.7409972
overhead:5523969.4118,benefit:15677701.7409972
overhead:5523969.4118,benefit:15677701.7409972
overhead:5523969.4118,benefit:15677701.7409972
overhead:5290219.5618,benefit:15677701.7409972
overhead:5499184.9118,benefit:15677701.7409972
overhead:5499184.9118,benefit:15677701.7409972
overhead:5499184.9118,benefit:15677701.7409972
overhead:5523969.4118,benefit:15677701.7409972
overhead:5523969.4118,benefit:15677701.7409972
overhead:5523969.4118,benefit:15677701.7409972
overhead:5115081.331800001,benefit:15677701.7409972
overhead:5216453.5918000005,benefit:15677701.7409972
overhead:5346389.6118,benefit:15677701.7409972
overhead:4972360.4248,benefit:15677701.7409972
overhead:5115081.331800001,benefit:15677701.7409972
overhead:5214107.4318,benefit:15677701.7409972
overhead:4972360.4248,benefit:15677701.7409972
overhead:4972360.4248,benefit:15677701.7409972
overhead:5214107.4318,benefit:15677701.7409972
overhead:5214107.4318,benefit:15677701.7409972
overhead:5608651.911800001,benefit:15677701.7409972
overhead:4972360.4248,benefit:15677701.7409972
overhead:5608651.911800001,benefit:15677701.7409972
overhead:5608651.911800001,benefit:15677701.7409972
overhead:5608651.911800001,benefit:15677701.7409972
overhead:5608651.911800001,benefit:15677701.7409972
overhead:4969784.9518,benefit:15677701.7409972
overhead:4969784.9518,benefit:15677701.7409972
overhead:5331161.1918,benefit:15677701.7409972
overhead:4950092.1711,benefit:14355442.7409972
overhead:5331161.1918,benefit:15677701.7409972
overhead:5573051.711800001,benefit:15677701.7409972
overhead:4969784.9518,benefit:15677701.7409972
overhead:5608651.911800001,benefit:15677701.7409972
overhead:5608651.911800001,benefit:15677701.7409972
overhead:5331161.1918,benefit:15677701.7409972
overhead:5331161.1918,benefit:15677701.7409972
overhead:5331161.1918,benefit:15677701.7409972
overhead:5331161.1918,benefit:15677701.7409972
overhead:5331161.1918,benefit:15677701.7409972
overhead:4969784.9518,benefit:15677701.7409972
overhead:5018944.5518000005,benefit:15677701.7409972
overhead:5151190.1518,benefit:15677701.7409972
overhead:5214107.4318,benefit:15677701.7409972
overhead:5214107.4318,benefit:15677701.7409972
overhead:5608651.911800001,benefit:15677701.7409972
overhead:5608651.911800001,benefit:15677701.7409972
overhead:5608651.911800001,benefit:15677701.7409972
overhead:5515481.3118,benefit:15677701.7409972
overhead:4952917.7415000005,benefit:15677701.7409972
overhead:5398158.5118,benefit:15677701.7409972
overhead:5214107.4318,benefit:15677701.7409972
overhead:5331161.1918,benefit:15677701.7409972
overhead:5331161.1918,benefit:15677701.7409972
overhead:5331161.1918,benefit:15677701.7409972
overhead:5331161.1918,benefit:15677701.7409972
overhead:5331161.1918,benefit:15677701.7409972
overhead:5331161.1918,benefit:15677701.7409972
overhead:5331161.1918,benefit:15677701.7409972
overhead:5398158.5118,benefit:15677701.7409972
overhead:5398158.5118,benefit:15677701.7409972
overhead:5398158.5118,benefit:15677701.7409972
overhead:5398158.5118,benefit:15677701.7409972
overhead:5398158.5118,benefit:15677701.7409972
overhead:5398158.5118,benefit:15677701.7409972
overhead:5151190.1518,benefit:15677701.7409972
overhead:5151190.1518,benefit:15677701.7409972
overhead:5331161.1918,benefit:15677701.7409972
overhead:5331161.1918,benefit:15677701.7409972
overhead:5331161.1918,benefit:15677701.7409972
overhead:5331161.1918,benefit:15677701.7409972
overhead:5331161.1918,benefit:15677701.7409972
overhead:5331161.1918,benefit:15677701.7409972
overhead:5398158.5118,benefit:15677701.7409972
overhead:5398158.5118,benefit:15677701.7409972
overhead:5398158.5118,benefit:15677701.7409972
overhead:5398158.5118,benefit:15677701.7409972
overhead:5398158.5118,benefit:15677701.7409972
overhead:5398158.5118,benefit:15677701.7409972
overhead:5398158.5118,benefit:15677701.7409972
overhead:4969784.9518,benefit:15677701.7409972
overhead:5151190.1518,benefit:15677701.7409972
overhead:5151190.1518,benefit:15677701.7409972
overhead:5151190.1518,benefit:15677701.7409972
overhead:5151190.1518,benefit:15677701.7409972
overhead:5331161.1918,benefit:15677701.7409972
overhead:4969784.9518,benefit:15677701.7409972
overhead:5331161.1918,benefit:15677701.7409972
overhead:5331161.1918,benefit:15677701.7409972
overhead:5331161.1918,benefit:15677701.7409972
overhead:5331161.1918,benefit:15677701.7409972
overhead:5398158.5118,benefit:15677701.7409972
overhead:5398158.5118,benefit:15677701.7409972
overhead:5398158.5118,benefit:15677701.7409972
overhead:5398158.5118,benefit:15677701.7409972
overhead:5398158.5118,benefit:15677701.7409972
overhead:5398158.5118,benefit:15677701.7409972
overhead:5151190.1518,benefit:15677701.7409972
overhead:5151190.1518,benefit:15677701.7409972
overhead:5151190.1518,benefit:15677701.7409972
overhead:5151190.1518,benefit:15677701.7409972
overhead:5151190.1518,benefit:15677701.7409972
overhead:5151190.1518,benefit:15677701.7409972
overhead:4952917.7415000005,benefit:15677701.7409972
overhead:5151190.1518,benefit:15677701.7409972
overhead:5346912.9318,benefit:15677701.7409972
overhead:4969784.9518,benefit:15677701.7409972
overhead:5346912.9318,benefit:15677701.7409972
overhead:4969784.9518,benefit:15677701.7409972
overhead:4969784.9518,benefit:15677701.7409972
overhead:4969784.9518,benefit:15677701.7409972
overhead:5038558.4318,benefit:15677701.7409972
overhead:5038558.4318,benefit:15677701.7409972
overhead:5398158.5118,benefit:15677701.7409972
overhead:5398158.5118,benefit:15677701.7409972
overhead:4952917.7415000005,benefit:15677701.7409972
overhead:5151190.1518,benefit:15677701.7409972
overhead:5151190.1518,benefit:15677701.7409972
overhead:5151190.1518,benefit:15677701.7409972
overhead:4969784.9518,benefit:15677701.7409972
overhead:5543263.7118,benefit:15677701.7409972
overhead:5340615.5118,benefit:15677701.7409972
overhead:5380293.251800001,benefit:15677701.7409972
overhead:5340615.5118,benefit:15677701.7409972
overhead:4969784.9518,benefit:15677701.7409972
overhead:4969784.9518,benefit:15677701.7409972
overhead:5032327.1318,benefit:15677701.7409972
overhead:4969784.9518,benefit:15677701.7409972
overhead:4969784.9518,benefit:15677701.7409972
overhead:5151190.1518,benefit:15677701.7409972
overhead:5151190.1518,benefit:15677701.7409972
overhead:5151190.1518,benefit:15677701.7409972
overhead:5151190.1518,benefit:15677701.7409972
overhead:4969784.9518,benefit:15677701.7409972
overhead:5151190.1518,benefit:15677701.7409972
overhead:5151190.1518,benefit:15677701.7409972
overhead:5340615.5118,benefit:15677701.7409972
overhead:5340615.5118,benefit:15677701.7409972
overhead:5340615.5118,benefit:15677701.7409972
overhead:5340615.5118,benefit:15677701.7409972
overhead:5340615.5118,benefit:15677701.7409972
overhead:5340615.5118,benefit:15677701.7409972
overhead:5032327.1318,benefit:15677701.7409972
overhead:5032327.1318,benefit:15677701.7409972
overhead:5032327.1318,benefit:15677701.7409972
overhead:5151190.1518,benefit:15677701.7409972
overhead:5151190.1518,benefit:15677701.7409972
overhead:5151190.1518,benefit:15677701.7409972
overhead:5151190.1518,benefit:15677701.7409972
overhead:5151190.1518,benefit:15677701.7409972
overhead:5151190.1518,benefit:15677701.7409972
overhead:5151190.1518,benefit:15677701.7409972
overhead:5340615.5118,benefit:15677701.7409972
overhead:4969784.9518,benefit:15677701.7409972
overhead:5543263.7118,benefit:15677701.7409972
overhead:4969784.9518,benefit:15677701.7409972
overhead:4969784.9518,benefit:15677701.7409972
overhead:4952917.7415000005,benefit:15677701.7409972
overhead:4972360.4248,benefit:15677701.7409972
overhead:5346389.6118,benefit:15677701.7409972
overhead:5346389.6118,benefit:15677701.7409972
overhead:5346389.6118,benefit:15677701.7409972
overhead:5517981.7118,benefit:15677701.7409972
overhead:5517981.7118,benefit:15677701.7409972
overhead:5032327.1318,benefit:15677701.7409972
overhead:5032327.1318,benefit:15677701.7409972
overhead:5032327.1318,benefit:15677701.7409972
overhead:5032327.1318,benefit:15677701.7409972
overhead:5032327.1318,benefit:15677701.7409972
overhead:4969784.9518,benefit:15677701.7409972
overhead:4969784.9518,benefit:15677701.7409972
overhead:4969784.9518,benefit:15677701.7409972
overhead:4969784.9518,benefit:15677701.7409972
overhead:5608651.911800001,benefit:15677701.7409972
overhead:5608651.911800001,benefit:15677701.7409972
overhead:5032327.1318,benefit:15677701.7409972
overhead:5032327.1318,benefit:15677701.7409972
overhead:5346389.6118,benefit:15677701.7409972
overhead:5346389.6118,benefit:15677701.7409972
overhead:5346389.6118,benefit:15677701.7409972
overhead:4490202.7118,benefit:15411336.2409972
overhead:4884651.0118,benefit:15411336.2409972
overhead:4492247.9241,benefit:15411336.2409972
overhead:4754714.9918,benefit:15411336.2409972
overhead:4951941.3118,benefit:15677701.7409972
overhead:4752368.831800001,benefit:15411336.2409972
overhead:4557205.9518,benefit:15411336.2409972
result:
z:[('mv125', <procCSVFile.MV object at 0x7f3000820400>), ('mv119', <procCSVFile.MV object at 0x7f30006444f0>), ('mv120', <procCSVFile.MV object at 0x7f30006441f0>), ('mv127', <procCSVFile.MV object at 0x7f30005c4160>), ('mv129', <procCSVFile.MV object at 0x7f30005c43a0>), ('mv21', <procCSVFile.MV object at 0x7f3000578b80>), ('mv44', <procCSVFile.MV object at 0x7f30005212e0>), ('mv443', <procCSVFile.MV object at 0x7f30005216a0>), ('mv471', <procCSVFile.MV object at 0x7f30004b0fd0>), ('mv475', <procCSVFile.MV object at 0x7f30004c03d0>), ('mv69', <procCSVFile.MV object at 0x7f30004e6be0>), ('mv74', <procCSVFile.MV object at 0x7f3000473160>)]
y:{('11a', 'mv18'): 0, ('11a', 'mv19'): 0, ('11a', 'mv21'): 0, ('11b', 'mv21'): 1, ('12a', 'mv44'): 1, ('12c', 'mv44'): 1, ('13b', 'mv44'): 0, ('13b', 'mv69'): 1, ('13c', 'mv44'): 0, ('13c', 'mv69'): 1, ('14a', 'mv74'): 1, ('16a', 'mv119'): 0, ('16a', 'mv120'): 1, ('16a', 'mv125'): 0, ('16b', 'mv119'): 0, ('16b', 'mv120'): 1, ('16b', 'mv125'): 0, ('16c', 'mv119'): 0, ('16c', 'mv120'): 1, ('16c', 'mv125'): 0, ('16d', 'mv119'): 0, ('16d', 'mv120'): 1, ('16d', 'mv125'): 0, ('17a', 'mv119'): 0, ('17a', 'mv120'): 0, ('17a', 'mv127'): 0, ('17a', 'mv129'): 1, ('17b', 'mv119'): 0, ('17b', 'mv120'): 0, ('17b', 'mv129'): 1, ('17c', 'mv120'): 0, ('17c', 'mv129'): 1, ('17d', 'mv119'): 0, ('17d', 'mv120'): 0, ('17d', 'mv129'): 1, ('17e', 'mv119'): 0, ('17e', 'mv120'): 0, ('17e', 'mv127'): 0, ('17e', 'mv129'): 1, ('17f', 'mv119'): 0, ('17f', 'mv120'): 0, ('17f', 'mv127'): 0, ('17f', 'mv129'): 1, ('19d', 'mv69'): 1, ('21a', 'mv18'): 0, ('21a', 'mv19'): 0, ('21a', 'mv21'): 1, ('21b', 'mv18'): 0, ('21b', 'mv19'): 0, ('21b', 'mv21'): 1, ('21c', 'mv18'): 0, ('21c', 'mv19'): 0, ('21c', 'mv21'): 1, ('22a', 'mv74'): 1, ('27b', 'mv19'): 0, ('27c', 'mv19'): 0, ('28a', 'mv74'): 1, ('28b', 'mv74'): 1, ('28c', 'mv74'): 1, ('2a', 'mv119'): 0, ('2a', 'mv127'): 1, ('2b', 'mv119'): 0, ('2b', 'mv127'): 1, ('2c', 'mv119'): 0, ('2c', 'mv127'): 1, ('2d', 'mv119'): 0, ('2d', 'mv120'): 0, ('2d', 'mv127'): 1, ('32b', 'mv119'): 0, ('3a', 'mv443'): 1, ('3b', 'mv443'): 1, ('3c', 'mv443'): 1, ('4a', 'mv443'): 1, ('4b', 'mv443'): 1, ('4c', 'mv443'): 1, ('6a', 'mv471'): 1, ('6b', 'mv475'): 1, ('6c', 'mv471'): 1, ('6d', 'mv475'): 1, ('6e', 'mv471'): 1, ('6f', 'mv475'): 1}
overhead:4490202.7118,benefit:15411336.2409972
cost:67771581.47,utility:10921133.529197201, ratio:0.16114621043676822
0.16114621043676822
658.2168469429016
run success!
