resources/PG//json/10a.json
resources/PG//json/10b.json
resources/PG//json/10c.json
resources/PG//json/11a.json
resources/PG//json/11b.json
resources/PG//json/11c.json
resources/PG//json/11d.json
resources/PG//json/12a.json
resources/PG//json/12b.json
resources/PG//json/12c.json
resources/PG//json/13a.json
resources/PG//json/13b.json
resources/PG//json/13c.json
resources/PG//json/14a.json
resources/PG//json/14b.json
resources/PG//json/15a.json
resources/PG//json/15b.json
resources/PG//json/15c.json
resources/PG//json/15d.json
resources/PG//json/16a.json
resources/PG//json/16b.json
resources/PG//json/16c.json
resources/PG//json/16d.json
resources/PG//json/17a.json
resources/PG//json/17b.json
resources/PG//json/17c.json
resources/PG//json/17d.json
resources/PG//json/17e.json
resources/PG//json/17f.json
resources/PG//json/18a.json
resources/PG//json/18c.json
resources/PG//json/19a.json
resources/PG//json/19b.json
resources/PG//json/19c.json
resources/PG//json/19d.json
resources/PG//json/1a.json
resources/PG//json/1b.json
resources/PG//json/1c.json
resources/PG//json/1d.json
resources/PG//json/21a.json
resources/PG//json/21b.json
resources/PG//json/21c.json
resources/PG//json/22a.json
resources/PG//json/23b.json
resources/PG//json/24a.json
resources/PG//json/24b.json
resources/PG//json/25b.json
resources/PG//json/26a.json
resources/PG//json/26b.json
resources/PG//json/26c.json
resources/PG//json/27a.json
resources/PG//json/27b.json
resources/PG//json/27c.json
resources/PG//json/28a.json
resources/PG//json/28b.json
resources/PG//json/28c.json
resources/PG//json/29a.json
resources/PG//json/29b.json
resources/PG//json/29c.json
resources/PG//json/2a.json
resources/PG//json/2b.json
resources/PG//json/2c.json
resources/PG//json/2d.json
resources/PG//json/30a.json
resources/PG//json/30b.json
resources/PG//json/30c.json
resources/PG//json/31b.json
resources/PG//json/32a.json
resources/PG//json/32b.json
resources/PG//json/33a.json
resources/PG//json/33b.json
resources/PG//json/33c.json
resources/PG//json/3a.json
resources/PG//json/3b.json
resources/PG//json/3c.json
resources/PG//json/4a.json
resources/PG//json/4b.json
resources/PG//json/4c.json
resources/PG//json/5a.json
resources/PG//json/5b.json
resources/PG//json/5c.json
resources/PG//json/6a.json
resources/PG//json/6b.json
resources/PG//json/6c.json
resources/PG//json/6d.json
resources/PG//json/6e.json
resources/PG//json/6f.json
resources/PG//json/7a.json
resources/PG//json/7b.json
resources/PG//json/7c.json
resources/PG//json/8a.json
resources/PG//json/8b.json
resources/PG//json/8c.json
resources/PG//json/8d.json
resources/PG//json/9a.json
resources/PG//json/9b.json
resources/PG//json/9c.json
resources/PG//json/9d.json
resources/PG/mv/json/mv1.json
resources/PG/mv/json/mv10.json
resources/PG/mv/json/mv100.json
resources/PG/mv/json/mv101.json
resources/PG/mv/json/mv102.json
resources/PG/mv/json/mv103.json
resources/PG/mv/json/mv104.json
resources/PG/mv/json/mv105.json
resources/PG/mv/json/mv106.json
resources/PG/mv/json/mv107.json
resources/PG/mv/json/mv108.json
resources/PG/mv/json/mv109.json
resources/PG/mv/json/mv11.json
resources/PG/mv/json/mv110.json
resources/PG/mv/json/mv111.json
resources/PG/mv/json/mv112.json
resources/PG/mv/json/mv113.json
resources/PG/mv/json/mv114.json
resources/PG/mv/json/mv115.json
resources/PG/mv/json/mv116.json
resources/PG/mv/json/mv117.json
resources/PG/mv/json/mv118.json
resources/PG/mv/json/mv119.json
resources/PG/mv/json/mv12.json
resources/PG/mv/json/mv120.json
resources/PG/mv/json/mv121.json
resources/PG/mv/json/mv122.json
resources/PG/mv/json/mv123.json
resources/PG/mv/json/mv124.json
resources/PG/mv/json/mv125.json
resources/PG/mv/json/mv126.json
resources/PG/mv/json/mv127.json
resources/PG/mv/json/mv128.json
resources/PG/mv/json/mv129.json
resources/PG/mv/json/mv13.json
resources/PG/mv/json/mv130.json
resources/PG/mv/json/mv131.json
resources/PG/mv/json/mv132.json
resources/PG/mv/json/mv133.json
resources/PG/mv/json/mv134.json
resources/PG/mv/json/mv135.json
resources/PG/mv/json/mv136.json
resources/PG/mv/json/mv137.json
resources/PG/mv/json/mv138.json
resources/PG/mv/json/mv139.json
resources/PG/mv/json/mv14.json
resources/PG/mv/json/mv140.json
resources/PG/mv/json/mv141.json
resources/PG/mv/json/mv142.json
resources/PG/mv/json/mv143.json
resources/PG/mv/json/mv144.json
resources/PG/mv/json/mv145.json
resources/PG/mv/json/mv146.json
resources/PG/mv/json/mv147.json
resources/PG/mv/json/mv148.json
resources/PG/mv/json/mv149.json
resources/PG/mv/json/mv15.json
resources/PG/mv/json/mv150.json
resources/PG/mv/json/mv151.json
resources/PG/mv/json/mv152.json
resources/PG/mv/json/mv153.json
resources/PG/mv/json/mv154.json
resources/PG/mv/json/mv155.json
resources/PG/mv/json/mv156.json
resources/PG/mv/json/mv157.json
resources/PG/mv/json/mv158.json
resources/PG/mv/json/mv159.json
resources/PG/mv/json/mv16.json
resources/PG/mv/json/mv160.json
resources/PG/mv/json/mv161.json
resources/PG/mv/json/mv162.json
resources/PG/mv/json/mv163.json
resources/PG/mv/json/mv164.json
resources/PG/mv/json/mv165.json
resources/PG/mv/json/mv166.json
resources/PG/mv/json/mv167.json
resources/PG/mv/json/mv168.json
resources/PG/mv/json/mv169.json
resources/PG/mv/json/mv17.json
resources/PG/mv/json/mv170.json
resources/PG/mv/json/mv171.json
resources/PG/mv/json/mv172.json
resources/PG/mv/json/mv173.json
resources/PG/mv/json/mv174.json
resources/PG/mv/json/mv175.json
resources/PG/mv/json/mv176.json
resources/PG/mv/json/mv177.json
resources/PG/mv/json/mv178.json
resources/PG/mv/json/mv179.json
resources/PG/mv/json/mv18.json
resources/PG/mv/json/mv180.json
resources/PG/mv/json/mv181.json
resources/PG/mv/json/mv182.json
resources/PG/mv/json/mv183.json
resources/PG/mv/json/mv184.json
resources/PG/mv/json/mv185.json
resources/PG/mv/json/mv186.json
resources/PG/mv/json/mv187.json
resources/PG/mv/json/mv188.json
resources/PG/mv/json/mv189.json
resources/PG/mv/json/mv19.json
resources/PG/mv/json/mv190.json
resources/PG/mv/json/mv191.json
resources/PG/mv/json/mv192.json
resources/PG/mv/json/mv193.json
resources/PG/mv/json/mv194.json
resources/PG/mv/json/mv195.json
resources/PG/mv/json/mv196.json
resources/PG/mv/json/mv197.json
resources/PG/mv/json/mv198.json
resources/PG/mv/json/mv199.json
resources/PG/mv/json/mv2.json
resources/PG/mv/json/mv20.json
resources/PG/mv/json/mv200.json
resources/PG/mv/json/mv201.json
resources/PG/mv/json/mv202.json
resources/PG/mv/json/mv203.json
resources/PG/mv/json/mv204.json
resources/PG/mv/json/mv205.json
resources/PG/mv/json/mv206.json
resources/PG/mv/json/mv207.json
resources/PG/mv/json/mv208.json
resources/PG/mv/json/mv209.json
resources/PG/mv/json/mv21.json
resources/PG/mv/json/mv210.json
resources/PG/mv/json/mv211.json
resources/PG/mv/json/mv212.json
resources/PG/mv/json/mv213.json
resources/PG/mv/json/mv214.json
resources/PG/mv/json/mv215.json
resources/PG/mv/json/mv216.json
resources/PG/mv/json/mv217.json
resources/PG/mv/json/mv218.json
resources/PG/mv/json/mv219.json
resources/PG/mv/json/mv22.json
resources/PG/mv/json/mv220.json
resources/PG/mv/json/mv221.json
resources/PG/mv/json/mv222.json
resources/PG/mv/json/mv223.json
resources/PG/mv/json/mv224.json
resources/PG/mv/json/mv225.json
resources/PG/mv/json/mv226.json
resources/PG/mv/json/mv227.json
resources/PG/mv/json/mv228.json
resources/PG/mv/json/mv229.json
resources/PG/mv/json/mv23.json
resources/PG/mv/json/mv230.json
resources/PG/mv/json/mv231.json
resources/PG/mv/json/mv232.json
resources/PG/mv/json/mv233.json
resources/PG/mv/json/mv234.json
resources/PG/mv/json/mv235.json
resources/PG/mv/json/mv236.json
resources/PG/mv/json/mv237.json
resources/PG/mv/json/mv238.json
resources/PG/mv/json/mv239.json
resources/PG/mv/json/mv24.json
resources/PG/mv/json/mv240.json
resources/PG/mv/json/mv241.json
resources/PG/mv/json/mv242.json
resources/PG/mv/json/mv243.json
resources/PG/mv/json/mv244.json
resources/PG/mv/json/mv245.json
resources/PG/mv/json/mv246.json
resources/PG/mv/json/mv247.json
resources/PG/mv/json/mv248.json
resources/PG/mv/json/mv249.json
resources/PG/mv/json/mv25.json
resources/PG/mv/json/mv250.json
resources/PG/mv/json/mv251.json
resources/PG/mv/json/mv252.json
resources/PG/mv/json/mv253.json
resources/PG/mv/json/mv254.json
resources/PG/mv/json/mv255.json
resources/PG/mv/json/mv256.json
resources/PG/mv/json/mv257.json
resources/PG/mv/json/mv258.json
resources/PG/mv/json/mv259.json
resources/PG/mv/json/mv26.json
resources/PG/mv/json/mv260.json
resources/PG/mv/json/mv261.json
resources/PG/mv/json/mv262.json
resources/PG/mv/json/mv263.json
resources/PG/mv/json/mv264.json
resources/PG/mv/json/mv265.json
resources/PG/mv/json/mv266.json
resources/PG/mv/json/mv267.json
resources/PG/mv/json/mv268.json
resources/PG/mv/json/mv269.json
resources/PG/mv/json/mv27.json
resources/PG/mv/json/mv270.json
resources/PG/mv/json/mv271.json
resources/PG/mv/json/mv272.json
resources/PG/mv/json/mv273.json
resources/PG/mv/json/mv274.json
resources/PG/mv/json/mv275.json
resources/PG/mv/json/mv276.json
resources/PG/mv/json/mv277.json
resources/PG/mv/json/mv278.json
resources/PG/mv/json/mv279.json
resources/PG/mv/json/mv28.json
resources/PG/mv/json/mv280.json
resources/PG/mv/json/mv281.json
resources/PG/mv/json/mv282.json
resources/PG/mv/json/mv283.json
resources/PG/mv/json/mv284.json
resources/PG/mv/json/mv285.json
resources/PG/mv/json/mv286.json
resources/PG/mv/json/mv287.json
resources/PG/mv/json/mv288.json
resources/PG/mv/json/mv289.json
resources/PG/mv/json/mv29.json
resources/PG/mv/json/mv290.json
resources/PG/mv/json/mv291.json
resources/PG/mv/json/mv292.json
resources/PG/mv/json/mv293.json
resources/PG/mv/json/mv294.json
resources/PG/mv/json/mv295.json
resources/PG/mv/json/mv296.json
resources/PG/mv/json/mv297.json
resources/PG/mv/json/mv298.json
resources/PG/mv/json/mv299.json
resources/PG/mv/json/mv3.json
resources/PG/mv/json/mv30.json
resources/PG/mv/json/mv300.json
resources/PG/mv/json/mv301.json
resources/PG/mv/json/mv302.json
resources/PG/mv/json/mv303.json
resources/PG/mv/json/mv304.json
resources/PG/mv/json/mv305.json
resources/PG/mv/json/mv306.json
resources/PG/mv/json/mv307.json
resources/PG/mv/json/mv308.json
resources/PG/mv/json/mv309.json
resources/PG/mv/json/mv31.json
resources/PG/mv/json/mv310.json
resources/PG/mv/json/mv311.json
resources/PG/mv/json/mv312.json
resources/PG/mv/json/mv313.json
resources/PG/mv/json/mv314.json
resources/PG/mv/json/mv315.json
resources/PG/mv/json/mv316.json
resources/PG/mv/json/mv317.json
resources/PG/mv/json/mv318.json
resources/PG/mv/json/mv319.json
resources/PG/mv/json/mv32.json
resources/PG/mv/json/mv320.json
resources/PG/mv/json/mv321.json
resources/PG/mv/json/mv322.json
resources/PG/mv/json/mv323.json
resources/PG/mv/json/mv324.json
resources/PG/mv/json/mv325.json
resources/PG/mv/json/mv326.json
resources/PG/mv/json/mv327.json
resources/PG/mv/json/mv328.json
resources/PG/mv/json/mv329.json
resources/PG/mv/json/mv33.json
resources/PG/mv/json/mv330.json
resources/PG/mv/json/mv331.json
resources/PG/mv/json/mv332.json
resources/PG/mv/json/mv333.json
resources/PG/mv/json/mv334.json
resources/PG/mv/json/mv335.json
resources/PG/mv/json/mv336.json
resources/PG/mv/json/mv337.json
resources/PG/mv/json/mv338.json
resources/PG/mv/json/mv339.json
resources/PG/mv/json/mv34.json
resources/PG/mv/json/mv340.json
resources/PG/mv/json/mv341.json
resources/PG/mv/json/mv342.json
resources/PG/mv/json/mv343.json
resources/PG/mv/json/mv344.json
resources/PG/mv/json/mv345.json
resources/PG/mv/json/mv346.json
resources/PG/mv/json/mv347.json
resources/PG/mv/json/mv348.json
resources/PG/mv/json/mv349.json
resources/PG/mv/json/mv35.json
resources/PG/mv/json/mv350.json
resources/PG/mv/json/mv351.json
resources/PG/mv/json/mv352.json
resources/PG/mv/json/mv353.json
resources/PG/mv/json/mv354.json
resources/PG/mv/json/mv355.json
resources/PG/mv/json/mv356.json
resources/PG/mv/json/mv357.json
resources/PG/mv/json/mv358.json
resources/PG/mv/json/mv359.json
resources/PG/mv/json/mv36.json
resources/PG/mv/json/mv360.json
resources/PG/mv/json/mv361.json
resources/PG/mv/json/mv362.json
resources/PG/mv/json/mv363.json
resources/PG/mv/json/mv364.json
resources/PG/mv/json/mv365.json
resources/PG/mv/json/mv366.json
resources/PG/mv/json/mv367.json
resources/PG/mv/json/mv368.json
resources/PG/mv/json/mv369.json
resources/PG/mv/json/mv37.json
resources/PG/mv/json/mv370.json
resources/PG/mv/json/mv371.json
resources/PG/mv/json/mv372.json
resources/PG/mv/json/mv373.json
resources/PG/mv/json/mv374.json
resources/PG/mv/json/mv375.json
resources/PG/mv/json/mv376.json
resources/PG/mv/json/mv377.json
resources/PG/mv/json/mv378.json
resources/PG/mv/json/mv379.json
resources/PG/mv/json/mv38.json
resources/PG/mv/json/mv380.json
resources/PG/mv/json/mv381.json
resources/PG/mv/json/mv382.json
resources/PG/mv/json/mv383.json
resources/PG/mv/json/mv384.json
resources/PG/mv/json/mv385.json
resources/PG/mv/json/mv386.json
resources/PG/mv/json/mv387.json
resources/PG/mv/json/mv388.json
resources/PG/mv/json/mv389.json
resources/PG/mv/json/mv39.json
resources/PG/mv/json/mv390.json
resources/PG/mv/json/mv391.json
resources/PG/mv/json/mv392.json
resources/PG/mv/json/mv393.json
resources/PG/mv/json/mv394.json
resources/PG/mv/json/mv395.json
resources/PG/mv/json/mv396.json
resources/PG/mv/json/mv397.json
resources/PG/mv/json/mv398.json
resources/PG/mv/json/mv399.json
resources/PG/mv/json/mv4.json
resources/PG/mv/json/mv40.json
resources/PG/mv/json/mv400.json
resources/PG/mv/json/mv401.json
resources/PG/mv/json/mv402.json
resources/PG/mv/json/mv403.json
resources/PG/mv/json/mv404.json
resources/PG/mv/json/mv405.json
resources/PG/mv/json/mv406.json
resources/PG/mv/json/mv407.json
resources/PG/mv/json/mv408.json
resources/PG/mv/json/mv409.json
resources/PG/mv/json/mv41.json
resources/PG/mv/json/mv410.json
resources/PG/mv/json/mv411.json
resources/PG/mv/json/mv412.json
resources/PG/mv/json/mv413.json
resources/PG/mv/json/mv414.json
resources/PG/mv/json/mv415.json
resources/PG/mv/json/mv416.json
resources/PG/mv/json/mv417.json
resources/PG/mv/json/mv418.json
resources/PG/mv/json/mv419.json
resources/PG/mv/json/mv42.json
resources/PG/mv/json/mv420.json
resources/PG/mv/json/mv421.json
resources/PG/mv/json/mv422.json
resources/PG/mv/json/mv423.json
resources/PG/mv/json/mv424.json
resources/PG/mv/json/mv425.json
resources/PG/mv/json/mv426.json
resources/PG/mv/json/mv427.json
resources/PG/mv/json/mv428.json
resources/PG/mv/json/mv429.json
resources/PG/mv/json/mv43.json
resources/PG/mv/json/mv430.json
resources/PG/mv/json/mv431.json
resources/PG/mv/json/mv432.json
resources/PG/mv/json/mv433.json
resources/PG/mv/json/mv434.json
resources/PG/mv/json/mv435.json
resources/PG/mv/json/mv436.json
resources/PG/mv/json/mv437.json
resources/PG/mv/json/mv438.json
resources/PG/mv/json/mv439.json
resources/PG/mv/json/mv44.json
resources/PG/mv/json/mv440.json
resources/PG/mv/json/mv441.json
resources/PG/mv/json/mv442.json
resources/PG/mv/json/mv443.json
resources/PG/mv/json/mv444.json
resources/PG/mv/json/mv445.json
resources/PG/mv/json/mv446.json
resources/PG/mv/json/mv447.json
resources/PG/mv/json/mv448.json
resources/PG/mv/json/mv449.json
resources/PG/mv/json/mv45.json
resources/PG/mv/json/mv450.json
resources/PG/mv/json/mv451.json
resources/PG/mv/json/mv452.json
resources/PG/mv/json/mv453.json
resources/PG/mv/json/mv454.json
resources/PG/mv/json/mv455.json
resources/PG/mv/json/mv456.json
resources/PG/mv/json/mv457.json
resources/PG/mv/json/mv458.json
resources/PG/mv/json/mv459.json
resources/PG/mv/json/mv46.json
resources/PG/mv/json/mv460.json
resources/PG/mv/json/mv461.json
resources/PG/mv/json/mv462.json
resources/PG/mv/json/mv463.json
resources/PG/mv/json/mv464.json
resources/PG/mv/json/mv465.json
resources/PG/mv/json/mv466.json
resources/PG/mv/json/mv467.json
resources/PG/mv/json/mv468.json
resources/PG/mv/json/mv469.json
resources/PG/mv/json/mv47.json
resources/PG/mv/json/mv470.json
resources/PG/mv/json/mv471.json
resources/PG/mv/json/mv472.json
resources/PG/mv/json/mv473.json
resources/PG/mv/json/mv474.json
resources/PG/mv/json/mv475.json
resources/PG/mv/json/mv476.json
resources/PG/mv/json/mv477.json
resources/PG/mv/json/mv478.json
resources/PG/mv/json/mv479.json
resources/PG/mv/json/mv48.json
resources/PG/mv/json/mv480.json
resources/PG/mv/json/mv481.json
resources/PG/mv/json/mv482.json
resources/PG/mv/json/mv483.json
resources/PG/mv/json/mv484.json
resources/PG/mv/json/mv485.json
resources/PG/mv/json/mv486.json
resources/PG/mv/json/mv487.json
resources/PG/mv/json/mv488.json
resources/PG/mv/json/mv489.json
resources/PG/mv/json/mv49.json
resources/PG/mv/json/mv490.json
resources/PG/mv/json/mv491.json
resources/PG/mv/json/mv492.json
resources/PG/mv/json/mv493.json
resources/PG/mv/json/mv494.json
resources/PG/mv/json/mv495.json
resources/PG/mv/json/mv496.json
resources/PG/mv/json/mv497.json
resources/PG/mv/json/mv498.json
resources/PG/mv/json/mv499.json
resources/PG/mv/json/mv5.json
resources/PG/mv/json/mv50.json
resources/PG/mv/json/mv500.json
resources/PG/mv/json/mv501.json
resources/PG/mv/json/mv502.json
resources/PG/mv/json/mv503.json
resources/PG/mv/json/mv504.json
resources/PG/mv/json/mv505.json
resources/PG/mv/json/mv506.json
resources/PG/mv/json/mv507.json
resources/PG/mv/json/mv508.json
resources/PG/mv/json/mv509.json
resources/PG/mv/json/mv51.json
resources/PG/mv/json/mv510.json
resources/PG/mv/json/mv511.json
resources/PG/mv/json/mv512.json
resources/PG/mv/json/mv513.json
resources/PG/mv/json/mv514.json
resources/PG/mv/json/mv515.json
resources/PG/mv/json/mv516.json
resources/PG/mv/json/mv517.json
resources/PG/mv/json/mv518.json
resources/PG/mv/json/mv519.json
resources/PG/mv/json/mv52.json
resources/PG/mv/json/mv520.json
resources/PG/mv/json/mv53.json
resources/PG/mv/json/mv54.json
resources/PG/mv/json/mv55.json
resources/PG/mv/json/mv56.json
resources/PG/mv/json/mv57.json
resources/PG/mv/json/mv58.json
resources/PG/mv/json/mv59.json
resources/PG/mv/json/mv6.json
resources/PG/mv/json/mv60.json
resources/PG/mv/json/mv61.json
resources/PG/mv/json/mv62.json
resources/PG/mv/json/mv63.json
resources/PG/mv/json/mv64.json
resources/PG/mv/json/mv65.json
resources/PG/mv/json/mv66.json
resources/PG/mv/json/mv67.json
resources/PG/mv/json/mv68.json
resources/PG/mv/json/mv69.json
resources/PG/mv/json/mv7.json
resources/PG/mv/json/mv70.json
resources/PG/mv/json/mv71.json
resources/PG/mv/json/mv72.json
resources/PG/mv/json/mv73.json
resources/PG/mv/json/mv74.json
resources/PG/mv/json/mv75.json
resources/PG/mv/json/mv76.json
resources/PG/mv/json/mv77.json
resources/PG/mv/json/mv78.json
resources/PG/mv/json/mv79.json
resources/PG/mv/json/mv8.json
resources/PG/mv/json/mv80.json
resources/PG/mv/json/mv81.json
resources/PG/mv/json/mv82.json
resources/PG/mv/json/mv83.json
resources/PG/mv/json/mv84.json
resources/PG/mv/json/mv85.json
resources/PG/mv/json/mv86.json
resources/PG/mv/json/mv87.json
resources/PG/mv/json/mv88.json
resources/PG/mv/json/mv89.json
resources/PG/mv/json/mv9.json
resources/PG/mv/json/mv90.json
resources/PG/mv/json/mv91.json
resources/PG/mv/json/mv92.json
resources/PG/mv/json/mv93.json
resources/PG/mv/json/mv94.json
resources/PG/mv/json/mv95.json
resources/PG/mv/json/mv96.json
resources/PG/mv/json/mv97.json
resources/PG/mv/json/mv98.json
resources/PG/mv/json/mv99.json
resources/PG/q_mv/json/11a_18.json
resources/PG/q_mv/json/11a_19.json
resources/PG/q_mv/json/11a_21.json
resources/PG/q_mv/json/11b_21.json
resources/PG/q_mv/json/12a_44.json
resources/PG/q_mv/json/12c_44.json
resources/PG/q_mv/json/13b_44.json
resources/PG/q_mv/json/13b_69.json
resources/PG/q_mv/json/13c_44.json
resources/PG/q_mv/json/13c_69.json
resources/PG/q_mv/json/14a_74.json
resources/PG/q_mv/json/16a_119.json
resources/PG/q_mv/json/16a_120.json
resources/PG/q_mv/json/16a_125.json
resources/PG/q_mv/json/16b_119.json
resources/PG/q_mv/json/16b_120.json
resources/PG/q_mv/json/16b_125.json
resources/PG/q_mv/json/16c_119.json
resources/PG/q_mv/json/16c_120.json
resources/PG/q_mv/json/16c_125.json
resources/PG/q_mv/json/16d_119.json
resources/PG/q_mv/json/16d_120.json
resources/PG/q_mv/json/16d_125.json
resources/PG/q_mv/json/17a_119.json
resources/PG/q_mv/json/17a_120.json
resources/PG/q_mv/json/17a_127.json
resources/PG/q_mv/json/17a_129.json
resources/PG/q_mv/json/17b_119.json
resources/PG/q_mv/json/17b_120.json
resources/PG/q_mv/json/17b_129.json
resources/PG/q_mv/json/17c_120.json
resources/PG/q_mv/json/17c_129.json
resources/PG/q_mv/json/17d_119.json
resources/PG/q_mv/json/17d_120.json
resources/PG/q_mv/json/17d_129.json
resources/PG/q_mv/json/17e_119.json
resources/PG/q_mv/json/17e_120.json
resources/PG/q_mv/json/17e_127.json
resources/PG/q_mv/json/17e_129.json
resources/PG/q_mv/json/17f_119.json
resources/PG/q_mv/json/17f_120.json
resources/PG/q_mv/json/17f_127.json
resources/PG/q_mv/json/17f_129.json
resources/PG/q_mv/json/19d_69.json
resources/PG/q_mv/json/21a_18.json
resources/PG/q_mv/json/21a_19.json
resources/PG/q_mv/json/21a_21.json
resources/PG/q_mv/json/21b_18.json
resources/PG/q_mv/json/21b_19.json
resources/PG/q_mv/json/21b_21.json
resources/PG/q_mv/json/21c_18.json
resources/PG/q_mv/json/21c_19.json
resources/PG/q_mv/json/21c_21.json
resources/PG/q_mv/json/22a_74.json
resources/PG/q_mv/json/27b_19.json
resources/PG/q_mv/json/27c_19.json
resources/PG/q_mv/json/28a_74.json
resources/PG/q_mv/json/28b_74.json
resources/PG/q_mv/json/28c_74.json
resources/PG/q_mv/json/2a_119.json
resources/PG/q_mv/json/2a_127.json
resources/PG/q_mv/json/2b_119.json
resources/PG/q_mv/json/2b_127.json
resources/PG/q_mv/json/2c_119.json
resources/PG/q_mv/json/2c_127.json
resources/PG/q_mv/json/2d_119.json
resources/PG/q_mv/json/2d_120.json
resources/PG/q_mv/json/2d_127.json
resources/PG/q_mv/json/32b_119.json
resources/PG/q_mv/json/3a_443.json
resources/PG/q_mv/json/3b_443.json
resources/PG/q_mv/json/3c_443.json
resources/PG/q_mv/json/4a_443.json
resources/PG/q_mv/json/4b_443.json
resources/PG/q_mv/json/4c_443.json
resources/PG/q_mv/json/6a_471.json
resources/PG/q_mv/json/6b_475.json
resources/PG/q_mv/json/6c_471.json
resources/PG/q_mv/json/6d_475.json
resources/PG/q_mv/json/6e_471.json
resources/PG/q_mv/json/6f_475.json
q_dict:98,mv_dict:520,q_mv_dict:81
5.597787141799927
run success!
